        ?column?        
------------------------
 ORIGINAL -- NO INDEXES
(1 row)

                              QUERY PLAN                               
-----------------------------------------------------------------------
 Gather  (cost=1000.00..32353.43 rows=1031 width=39)
   Workers Planned: 2
   ->  Parallel Seq Scan on r  (cost=0.00..31250.33 rows=430 width=39)
         Filter: ((r_1p = 0) AND (r_10p = 0) AND (r_50p = 0))
(4 rows)

            ?column?             
---------------------------------
 ADD INDEX ON (r_50p,r_1p,r_10p)
(1 row)

CREATE INDEX
ANALYZE
                                       QUERY PLAN                                        
-----------------------------------------------------------------------------------------
 Bitmap Heap Scan on r  (cost=29.32..3259.92 rows=1011 width=39)
   Recheck Cond: ((r_50p = 0) AND (r_1p = 0) AND (r_10p = 0))
   ->  Bitmap Index Scan on r_r_50p_r_1p_r_10p_idx  (cost=0.00..29.07 rows=1011 width=0)
         Index Cond: ((r_50p = 0) AND (r_1p = 0) AND (r_10p = 0))
(4 rows)

DROP INDEX
