CREATE INDEX
ANALYZE
CREATE INDEX
ANALYZE
CREATE INDEX
ANALYZE
                                                                  QUERY PLAN                                                                  
----------------------------------------------------------------------------------------------------------------------------------------------
 HashAggregate  (cost=18638.71..18819.48 rows=18077 width=60) (actual time=57.199..62.344 rows=20000 loops=1)
   Group Key: r.r_id, r.r_2, r.r_10, r.r_1p, r.r_10p, r.r_50p, r.r_filler, r.s_id
   ->  Append  (cost=340.45..18277.17 rows=18077 width=60) (actual time=5.169..46.652 rows=20010 loops=1)
         ->  Bitmap Heap Scan on r  (cost=340.45..17961.77 rows=18067 width=39) (actual time=5.168..44.342 rows=20000 loops=1)
               Recheck Cond: (r_1p = 0)
               Heap Blocks: exact=16666
               ->  Bitmap Index Scan on r_r_1p_r_10_idx  (cost=0.00..335.93 rows=18067 width=0) (actual time=2.800..2.800 rows=20000 loops=1)
                     Index Cond: (r_1p = 0)
         ->  Index Scan using r_r_10_idx on r r_1  (cost=0.43..44.24 rows=10 width=39) (actual time=0.024..0.033 rows=10 loops=1)
               Index Cond: (r_10 = 0)
 Planning Time: 2.661 ms
 Execution Time: 67.287 ms
(12 rows)

DROP INDEX
